Exporter version: 5.6.3, Blender version: 2.79 (sub 0)
========= Conversion from Blender to Babylon.js =========
	Scene settings used :
		export scope        :  ALL
		inline textures     :  false
		Positions Precision :  4
		Normals Precision   :  3
		UVs Precision       :  3
		Vert Color Precision:  3
		Mat Weight Precision:  2
		texture directory   :  C:\Users\samle\Google Drive\Documents\Code\Zen Archery\
	Python World class constructor completed
	processing begun of skeleton:  Armature, id:  0
		processing begun of bone:  main, index:  0
		processing begun of bone:  string, index:  1
		processing begun of bone:  top_limit, index:  2
		processing begun of bone:  top_ik.001, index:  3
		processing begun of bone:  top_ik, index:  4
		processing begun of bone:  Bone, index:  5
		processing begun of bone:  Bone.001, index:  6
		processing begun of bone:  Bone.002, index:  7
		processing begun of bone:  Bone.003, index:  8
		processing begun of bone:  Bone.004, index:  9
		processing begun of bone:  Bone.005, index:  10
		processing begun of bone:  Bone.006, index:  11
		processing begun of bone:  Bone.007, index:  12
		processing begun of bone:  Bone.008, index:  13
		processing begun of bone:  Bone.009, index:  14
		processing begun of bone:  Bone.010, index:  15
		processing begun of bone:  Bone.011, index:  16
		processing begun of bone:  Bone.012, index:  17
		processing begun of bone:  Bone.013, index:  18
		processing begun of bone:  top_limit.001, index:  19
		processing begun of bone:  top_ik.002, index:  20
		processing begun of bone:  bottom_ik, index:  21
		processing begun of bone:  Bone.014, index:  22
		processing begun of bone:  Bone.015, index:  23
		processing begun of bone:  Bone.016, index:  24
		processing begun of bone:  Bone.017, index:  25
		processing begun of bone:  Bone.018, index:  26
		processing begun of bone:  Bone.019, index:  27
		processing begun of bone:  Bone.020, index:  28
		processing begun of bone:  Bone.021, index:  29
		processing begun of bone:  Bone.022, index:  30
		processing begun of bone:  Bone.023, index:  31
		processing begun of bone:  Bone.024, index:  32
		processing begun of bone:  Bone.025, index:  33
		processing begun of bone:  Bone.026, index:  34
		processing begun of bone:  Bone.027, index:  35
		processing action ArmatureAction:  in[1 - 46], out[0 - 46]
	processing begun of node:  Empty
	processing begun of node:  arrow_launcher
	processing begun of mesh:  Circle.002
		WARNING: No materials have been assigned: 
		num positions      :  1615
		num normals        :  1615
		num uvs            :  3230
		num uvs2           :  0
		num colors         :  0
		num indices        :  6588
		Skeleton stats:  
			Total Influencers:  2354
			Avg # of influencers per vertex:  1.4576
			Highest # of influencers observed:  4, num vertices with this:  34
			exported as 4 influencers
			num skeletonWeights and skeletonIndices:  6460
	Mesh: Circle.002 has un-applied transformations.  This will never work for a mesh with an armature.  Export cancelled
========= end of processing =========
elapsed time:  0 min, 1.5803 secs
