Exporter version: 5.6.3, Blender version: 2.79 (sub 0)
========= Conversion from Blender to Babylon.js =========
	Scene settings used :
		export scope        :  ALL
		inline textures     :  false
		Positions Precision :  4
		Normals Precision   :  3
		UVs Precision       :  3
		Vert Color Precision:  3
		Mat Weight Precision:  2
		texture directory   :  C:\Users\samle\Google Drive\Documents\Code\Zen Archery\assets\
	Python World class constructor completed
	WARNING: No active camera has been assigned, or is not in a currently selected Blender layer
	processing begun of mesh:  Cylinder.001
		processing begun of baked material:  Cylinder.001
			Cycles baking texture, type: DIFFUSE, mapped using: BakingUV
		num positions      :  515
		num normals        :  515
		num uvs            :  1030
		num uvs2           :  0
		num colors         :  0
		num indices        :  1212
	processing begun of mesh:  Cube
		processing begun of baked material:  Cube
			Cycles baking texture, type: DIFFUSE, mapped using: BakingUV
		num positions      :  4066
		num normals        :  4066
		num uvs            :  8132
		num uvs2           :  0
		num colors         :  0
		num indices        :  6456
		WARNING: # of 0 area faces found:  16
========= Writing of scene file started =========
========= Writing of scene file completed =========
========= end of processing =========
elapsed time:  2 min, 22.2317 secs
